Jun-16 08:36:46.997 [main] DEBUG nextflow.cli.Launcher - $> nextflow run main.nf --input input/ --outdir results --thresh_moving 0 -resume
Jun-16 08:36:47.316 [main] DEBUG nextflow.cli.CmdRun - N E X T F L O W  ~  version 25.04.3
Jun-16 08:36:47.472 [main] DEBUG nextflow.plugin.PluginsFacade - Setting up plugin manager > mode=prod; embedded=false; plugins-dir=/home/runner/.nextflow/plugins; core-plugins: nf-amazon@2.15.0,nf-azure@1.16.0,nf-cloudcache@0.4.3,nf-codecommit@0.2.3,nf-console@1.2.1,nf-google@1.21.0,nf-k8s@1.0.0,nf-tower@1.11.3,nf-wave@1.12.1
Jun-16 08:36:47.657 [main] INFO  o.pf4j.DefaultPluginStatusProvider - Enabled plugins: []
Jun-16 08:36:47.658 [main] INFO  o.pf4j.DefaultPluginStatusProvider - Disabled plugins: []
Jun-16 08:36:47.662 [main] INFO  org.pf4j.DefaultPluginManager - PF4J version 3.12.0 in 'deployment' mode
Jun-16 08:36:47.838 [main] INFO  org.pf4j.AbstractPluginManager - No plugins
Jun-16 08:36:47.867 [main] DEBUG nextflow.config.ConfigBuilder - Found config local: /home/runner/work/VideoDetectMoves/VideoDetectMoves/nextflow.config
Jun-16 08:36:47.871 [main] DEBUG nextflow.config.ConfigBuilder - Parsing config file: /home/runner/work/VideoDetectMoves/VideoDetectMoves/nextflow.config
Jun-16 08:36:47.906 [main] DEBUG n.secret.LocalSecretsProvider - Secrets store: /home/runner/.nextflow/secrets/store.json
Jun-16 08:36:47.911 [main] DEBUG nextflow.secret.SecretsLoader - Discovered secrets providers: [nextflow.secret.LocalSecretsProvider@6eafb10e] - activable => nextflow.secret.LocalSecretsProvider@6eafb10e
Jun-16 08:36:47.928 [main] DEBUG nextflow.config.ConfigBuilder - Applying config profile: `standard`
Jun-16 08:36:48.545 [main] DEBUG nextflow.cli.CmdRun - Applied DSL=2 by global default
Jun-16 08:36:48.570 [main] DEBUG nextflow.cli.CmdRun - Launching `main.nf` [maniac_wegener] DSL2 - revision: 162713104b
Jun-16 08:36:48.572 [main] DEBUG nextflow.plugin.PluginsFacade - Plugins default=[]
Jun-16 08:36:48.572 [main] DEBUG nextflow.plugin.PluginsFacade - Plugins resolved requirement=[]
Jun-16 08:36:48.642 [main] DEBUG nextflow.Session - Session UUID: 753c0178-b959-47df-b6b2-ceb9b5bd4e43
Jun-16 08:36:48.642 [main] DEBUG nextflow.Session - Run name: maniac_wegener
Jun-16 08:36:48.643 [main] DEBUG nextflow.Session - Executor pool size: 4
Jun-16 08:36:48.658 [main] DEBUG nextflow.file.FilePorter - File porter settings maxRetries=3; maxTransfers=50; pollTimeout=null
Jun-16 08:36:48.664 [main] DEBUG nextflow.util.ThreadPoolBuilder - Creating thread pool 'FileTransfer' minSize=10; maxSize=12; workQueue=LinkedBlockingQueue[-1]; allowCoreThreadTimeout=false
Jun-16 08:36:49.073 [main] DEBUG nextflow.cli.CmdRun - 
  Version: 25.04.3 build 5949
  Created: 02-06-2025 20:56 UTC 
  System: Linux 6.11.0-1015-azure
  Runtime: Groovy 4.0.26 on OpenJDK 64-Bit Server VM 17.0.15+6
  Encoding: UTF-8 (UTF-8)
  Process: 2513@fv-az791-510 [10.1.0.91]
  CPUs: 4 - Mem: 15.6 GB (9.1 GB) - Swap: 4 GB (4 GB)
Jun-16 08:36:49.109 [main] DEBUG nextflow.Session - Work-dir: /home/runner/work/VideoDetectMoves/VideoDetectMoves/work [ext2/ext3]
Jun-16 08:36:49.110 [main] DEBUG nextflow.Session - Script base path does not exist or is not a directory: /home/runner/work/VideoDetectMoves/VideoDetectMoves/bin
Jun-16 08:36:49.121 [main] DEBUG nextflow.executor.ExecutorFactory - Extension executors providers=[]
Jun-16 08:36:49.133 [main] DEBUG nextflow.Session - Observer factory: DefaultObserverFactory
Jun-16 08:36:49.140 [main] DEBUG nextflow.Session - Observer factory (v2): LinObserverFactory
Jun-16 08:36:49.168 [main] DEBUG nextflow.cache.CacheFactory - Using Nextflow cache factory: nextflow.cache.DefaultCacheFactory
Jun-16 08:36:49.179 [main] DEBUG nextflow.util.CustomThreadPool - Creating default thread pool > poolSize: 5; maxThreads: 1000
Jun-16 08:36:49.263 [main] DEBUG nextflow.Session - Session start
Jun-16 08:36:49.845 [main] DEBUG nextflow.script.ScriptRunner - > Launching execution
Jun-16 08:36:49.893 [main] INFO  nextflow.Nextflow - Movement Finder in Fixed-camera Videos
===================================
input        : /home/runner/work/VideoDetectMoves/VideoDetectMoves/input/
outdir       : results
thresh_moving: 0

Example usage: nextflow run main.nf  --input your_folder_with_mp4_video_files  --outdir results  --thresh_moving 0
Output: "plot_...png" showing a profile of the video and how much movement was detected. "moving_frames_..." containing the snapshots extracted where the movement occurred, and the pixels that were tracked.
===================================

Jun-16 08:36:50.049 [main] DEBUG nextflow.executor.ExecutorFactory - << taskConfig executor: null
Jun-16 08:36:50.049 [main] DEBUG nextflow.executor.ExecutorFactory - >> processorType: 'local'
Jun-16 08:36:50.056 [main] DEBUG nextflow.executor.Executor - [warm up] executor > local
Jun-16 08:36:50.063 [main] DEBUG n.processor.LocalPollingMonitor - Creating local task monitor for executor 'local' > cpus=4; memory=15.6 GB; capacity=4; pollInterval=100ms; dumpInterval=5m
Jun-16 08:36:50.066 [main] DEBUG n.processor.TaskPollingMonitor - >>> barrier register (monitor: local)
Jun-16 08:36:50.112 [main] DEBUG nextflow.processor.TaskProcessor - Creating process 'get_frames': maxForks=0; fair=false; array=0
Jun-16 08:36:50.169 [main] DEBUG nextflow.executor.ExecutorFactory - << taskConfig executor: null
Jun-16 08:36:50.169 [main] DEBUG nextflow.executor.ExecutorFactory - >> processorType: 'local'
Jun-16 08:36:50.171 [main] DEBUG nextflow.processor.TaskProcessor - Creating process 'movement_spotter': maxForks=0; fair=false; array=0
Jun-16 08:36:50.187 [main] DEBUG nextflow.executor.ExecutorFactory - << taskConfig executor: null
Jun-16 08:36:50.187 [main] DEBUG nextflow.executor.ExecutorFactory - >> processorType: 'local'
Jun-16 08:36:50.188 [main] DEBUG nextflow.processor.TaskProcessor - Creating process 'get_all_moving_frames': maxForks=0; fair=false; array=0
Jun-16 08:36:50.201 [main] DEBUG nextflow.executor.ExecutorFactory - << taskConfig executor: null
Jun-16 08:36:50.202 [main] DEBUG nextflow.executor.ExecutorFactory - >> processorType: 'local'
Jun-16 08:36:50.203 [main] DEBUG nextflow.processor.TaskProcessor - Creating process 'plot': maxForks=0; fair=false; array=0
Jun-16 08:36:50.207 [main] DEBUG nextflow.Session - Workflow process names [dsl2]: plot, get_frames, movement_spotter, get_all_moving_frames
Jun-16 08:36:50.210 [main] DEBUG nextflow.Session - Igniting dataflow network (5)
Jun-16 08:36:50.221 [main] DEBUG nextflow.processor.TaskProcessor - Starting process > get_frames
Jun-16 08:36:50.222 [main] DEBUG nextflow.processor.TaskProcessor - Starting process > movement_spotter
Jun-16 08:36:50.222 [main] DEBUG nextflow.processor.TaskProcessor - Starting process > get_all_moving_frames
Jun-16 08:36:50.222 [main] DEBUG nextflow.processor.TaskProcessor - Starting process > plot
Jun-16 08:36:50.223 [main] DEBUG nextflow.script.ScriptRunner - Parsed script files:
  Script_e7401e5366586b68: /home/runner/work/VideoDetectMoves/VideoDetectMoves/main.nf
Jun-16 08:36:50.223 [main] DEBUG nextflow.script.ScriptRunner - > Awaiting termination 
Jun-16 08:36:50.223 [main] DEBUG nextflow.Session - Session await
Jun-16 08:36:50.224 [PathVisitor-1] DEBUG nextflow.file.PathVisitor - files for syntax: glob; folder: /home/runner/work/VideoDetectMoves/VideoDetectMoves/input/; pattern: *.mp4; options: [:]
Jun-16 08:36:50.500 [Task submitter] DEBUG n.executor.local.LocalTaskHandler - Launch cmd line: /bin/bash -ue .command.run
Jun-16 08:36:50.503 [Task submitter] INFO  nextflow.Session - [5b/5964fa] Submitted process > get_frames (mplayer)
Jun-16 08:36:58.736 [Task monitor] DEBUG n.processor.TaskPollingMonitor - Task completed > TaskHandler[id: 1; name: get_frames (mplayer); status: COMPLETED; exit: 0; error: -; workDir: /home/runner/work/VideoDetectMoves/VideoDetectMoves/work/5b/5964fa6d0f9a64b55115ce8318257b]
Jun-16 08:36:58.737 [Task monitor] DEBUG nextflow.util.ThreadPoolBuilder - Creating thread pool 'TaskFinalizer' minSize=10; maxSize=12; workQueue=LinkedBlockingQueue[-1]; allowCoreThreadTimeout=false
Jun-16 08:36:58.796 [Task submitter] DEBUG n.executor.local.LocalTaskHandler - Launch cmd line: /bin/bash -ue .command.run
Jun-16 08:36:58.798 [Task submitter] INFO  nextflow.Session - [7d/66e1d3] Submitted process > movement_spotter (imagemagick)
Jun-16 08:37:18.477 [Task monitor] DEBUG n.processor.TaskPollingMonitor - Task completed > TaskHandler[id: 2; name: movement_spotter (imagemagick); status: COMPLETED; exit: 0; error: -; workDir: /home/runner/work/VideoDetectMoves/VideoDetectMoves/work/7d/66e1d36206ba26bbb53e94be39d094]
Jun-16 08:37:18.506 [Task submitter] DEBUG n.executor.local.LocalTaskHandler - Launch cmd line: /bin/bash -ue .command.run
Jun-16 08:37:18.506 [Task submitter] INFO  nextflow.Session - [8f/492841] Submitted process > plot (R_plot)
Jun-16 08:37:18.519 [Task submitter] DEBUG n.executor.local.LocalTaskHandler - Launch cmd line: /bin/bash -ue .command.run
Jun-16 08:37:18.519 [Task submitter] INFO  nextflow.Session - [d5/a6c3a7] Submitted process > get_all_moving_frames (ubuntu)
Jun-16 08:37:23.576 [Task monitor] DEBUG n.processor.TaskPollingMonitor - Task completed > TaskHandler[id: 4; name: get_all_moving_frames (ubuntu); status: COMPLETED; exit: 0; error: -; workDir: /home/runner/work/VideoDetectMoves/VideoDetectMoves/work/d5/a6c3a702b1e1c586286722bd6e7d60]
Jun-16 08:37:23.616 [TaskFinalizer-3] DEBUG nextflow.util.ThreadPoolBuilder - Creating thread pool 'PublishDir' minSize=10; maxSize=12; workQueue=LinkedBlockingQueue[-1]; allowCoreThreadTimeout=false
Jun-16 08:37:31.252 [Task monitor] DEBUG n.processor.TaskPollingMonitor - Task completed > TaskHandler[id: 3; name: plot (R_plot); status: COMPLETED; exit: 0; error: -; workDir: /home/runner/work/VideoDetectMoves/VideoDetectMoves/work/8f/49284133fcdaa1a23e75988ba84e04]
Jun-16 08:37:31.261 [main] DEBUG nextflow.Session - Session await > all processes finished
Jun-16 08:37:31.353 [Task monitor] DEBUG n.processor.TaskPollingMonitor - <<< barrier arrives (monitor: local) - terminating tasks monitor poll loop
Jun-16 08:37:31.354 [main] DEBUG nextflow.Session - Session await > all barriers passed
Jun-16 08:37:31.357 [main] DEBUG nextflow.util.ThreadPoolManager - Thread pool 'TaskFinalizer' shutdown completed (hard=false)
Jun-16 08:37:31.357 [main] DEBUG nextflow.util.ThreadPoolManager - Thread pool 'PublishDir' shutdown completed (hard=false)
Jun-16 08:37:31.365 [main] DEBUG n.trace.WorkflowStatsObserver - Workflow completed > WorkflowStats[succeededCount=4; failedCount=0; ignoredCount=0; cachedCount=0; pendingCount=0; submittedCount=0; runningCount=0; retriesCount=0; abortedCount=0; succeedDuration=45.5s; failedDuration=0ms; cachedDuration=0ms;loadCpus=0; loadMemory=0; peakRunning=2; peakCpus=2; peakMemory=0; ]
Jun-16 08:37:31.381 [main] DEBUG nextflow.cache.CacheDB - Closing CacheDB done
Jun-16 08:37:31.391 [main] DEBUG nextflow.util.ThreadPoolManager - Thread pool 'FileTransfer' shutdown completed (hard=false)
Jun-16 08:37:31.391 [main] DEBUG nextflow.script.ScriptRunner - > Execution complete -- Goodbye
