Unable to find image 'vulhub/imagemagick:7.0.10-36-php' locally
7.0.10-36-php: Pulling from vulhub/imagemagick
7919f5b7d602: Pulling fs layer
cd36fdeaf2e5: Pulling fs layer
8f230d7f8e05: Pulling fs layer
71b847ea9469: Pulling fs layer
5ba1f0e588ec: Pulling fs layer
71b847ea9469: Waiting
5ba1f0e588ec: Waiting
cd36fdeaf2e5: Download complete
8f230d7f8e05: Verifying Checksum
8f230d7f8e05: Download complete
7919f5b7d602: Verifying Checksum
7919f5b7d602: Download complete
5ba1f0e588ec: Verifying Checksum
5ba1f0e588ec: Download complete
71b847ea9469: Verifying Checksum
71b847ea9469: Download complete
7919f5b7d602: Pull complete
cd36fdeaf2e5: Pull complete
8f230d7f8e05: Pull complete
71b847ea9469: Pull complete
5ba1f0e588ec: Pull complete
Digest: sha256:b906f74d623466c4d3afefc62c9d5209e3ce734f2a739fa2708d19395bdb9ecc
Status: Downloaded newer image for vulhub/imagemagick:7.0.10-36-php
